<?xml version="1.0" encoding="UTF-8"?>
<!-- Generated by org.testng.reporters.JUnitReportReporter -->
<testsuite skipped="0" hostname="DESKTOP-30SA7QP" name="mavenfirst.SeleniumTest" tests="2" failures="0" timestamp="17 Apr 2022 15:48:30 GMT" time="0.008" errors="0">
  <testcase name="seleniumTest2" time="0.000" classname="mavenfirst.SeleniumTest"/>
  <testcase name="seleniumTest1" time="0.008" classname="mavenfirst.SeleniumTest"/>
</testsuite> <!-- mavenfirst.SeleniumTest -->
