<?xml version="1.0" encoding="UTF-8"?>
<!-- Generated by org.testng.reporters.JUnitReportReporter -->
<testsuite skipped="0" hostname="DESKTOP-30SA7QP" name="mavenfirst.RestAPI" tests="2" failures="0" timestamp="17 Apr 2022 15:48:30 GMT" time="0.000" errors="0">
  <testcase name="restAPITest2" time="0.000" classname="mavenfirst.RestAPI"/>
  <testcase name="restAPITest1" time="0.000" classname="mavenfirst.RestAPI"/>
</testsuite> <!-- mavenfirst.RestAPI -->
