<?xml version="1.0" encoding="UTF-8"?>
<!-- Generated by org.testng.reporters.JUnitReportReporter -->
<testsuite skipped="0" hostname="DESKTOP-30SA7QP" name="mavenfirst.AppiumTest" tests="2" failures="0" timestamp="17 Apr 2022 15:48:14 GMT" time="0.001" errors="0">
  <testcase name="appiumTest1" time="0.000" classname="mavenfirst.AppiumTest"/>
  <testcase name="appiumTest2" time="0.001" classname="mavenfirst.AppiumTest"/>
</testsuite> <!-- mavenfirst.AppiumTest -->
